<?xml version="1.0" encoding="UTF-8"?>
<!-- Generated by org.testng.reporters.JUnitXMLReporter -->
<testsuite hostname="Deepak-PC" ignored="0" name="Command line test" tests="3" failures="3" timestamp="09 Jan 2019 23:04:10 GMT" time="29.816" errors="0">
  <testcase name="admin_button_test" time="0.0" classname="phonezoneproject.AdminTest">
    <failure type="java.lang.NullPointerException">
      <![CDATA[java.lang.NullPointerException
	at phonezoneproject.AdminTest.admin_button_test(AdminTest.java:27)
... Removed 35 stack frames]]>
    </failure>
  </testcase> <!-- admin_button_test -->
  <testcase name="staff_button_test" time="0.0" classname="phonezoneproject.StaffTest">
    <failure type="java.lang.NullPointerException">
      <![CDATA[java.lang.NullPointerException
	at phonezoneproject.StaffTest.staff_button_test(StaffTest.java:22)
... Removed 35 stack frames]]>
    </failure>
  </testcase> <!-- staff_button_test -->
  <testcase name="wholesaler_button_test" time="0.0" classname="phonezoneproject.WholesalerTest">
    <failure type="java.lang.NullPointerException">
      <![CDATA[java.lang.NullPointerException
	at phonezoneproject.WholesalerTest.wholesaler_button_test(WholesalerTest.java:23)
... Removed 35 stack frames]]>
    </failure>
  </testcase> <!-- wholesaler_button_test -->
</testsuite> <!-- Command line test -->
