<?xml version="1.0" encoding="UTF-8"?>
<testng-results skipped="0" failed="0" ignored="0" total="3" passed="3">
  <reporter-output>
  </reporter-output>
  <suite name="Suite" duration-ms="44282" started-at="2019-01-10T14:46:42Z" finished-at="2019-01-10T14:47:26Z">
    <groups>
    </groups>
    <test name="Test" duration-ms="44282" started-at="2019-01-10T14:46:42Z" finished-at="2019-01-10T14:47:26Z">
      <class name="phonezoneproject.StaffTest">
        <test-method status="PASS" signature="opendriver()[pri:0, instance:phonezoneproject.StaffTest@e24743]" name="opendriver" is-config="true" duration-ms="6843" started-at="2019-01-10T14:46:57Z" finished-at="2019-01-10T14:47:04Z">
          <reporter-output>
          </reporter-output>
        </test-method> <!-- opendriver -->
        <test-method status="PASS" signature="staff_button_test()[pri:0, instance:phonezoneproject.StaffTest@e24743]" name="staff_button_test" duration-ms="5733" started-at="2019-01-10T14:47:04Z" finished-at="2019-01-10T14:47:10Z">
          <reporter-output>
          </reporter-output>
        </test-method> <!-- staff_button_test -->
        <test-method status="PASS" signature="quitedriver()[pri:0, instance:phonezoneproject.StaffTest@e24743]" name="quitedriver" is-config="true" duration-ms="1895" started-at="2019-01-10T14:47:10Z" finished-at="2019-01-10T14:47:12Z">
          <reporter-output>
          </reporter-output>
        </test-method> <!-- quitedriver -->
      </class> <!-- phonezoneproject.StaffTest -->
      <class name="phonezoneproject.AdminTest">
        <test-method status="PASS" signature="opendriver()[pri:0, instance:phonezoneproject.AdminTest@b0ed20]" name="opendriver" is-config="true" duration-ms="7939" started-at="2019-01-10T14:46:42Z" finished-at="2019-01-10T14:46:50Z">
          <reporter-output>
          </reporter-output>
        </test-method> <!-- opendriver -->
        <test-method status="PASS" signature="admin_button_test()[pri:0, instance:phonezoneproject.AdminTest@b0ed20]" name="admin_button_test" duration-ms="5826" started-at="2019-01-10T14:46:50Z" finished-at="2019-01-10T14:46:56Z">
          <reporter-output>
          </reporter-output>
        </test-method> <!-- admin_button_test -->
        <test-method status="PASS" signature="quitedriver()[pri:0, instance:phonezoneproject.AdminTest@b0ed20]" name="quitedriver" is-config="true" duration-ms="1541" started-at="2019-01-10T14:46:56Z" finished-at="2019-01-10T14:46:57Z">
          <reporter-output>
          </reporter-output>
        </test-method> <!-- quitedriver -->
      </class> <!-- phonezoneproject.AdminTest -->
      <class name="phonezoneproject.WholesalerTest">
        <test-method status="PASS" signature="opendriver()[pri:0, instance:phonezoneproject.WholesalerTest@a10858]" name="opendriver" is-config="true" duration-ms="7159" started-at="2019-01-10T14:47:12Z" finished-at="2019-01-10T14:47:19Z">
          <reporter-output>
          </reporter-output>
        </test-method> <!-- opendriver -->
        <test-method status="PASS" signature="wholesaler_button_test()[pri:0, instance:phonezoneproject.WholesalerTest@a10858]" name="wholesaler_button_test" duration-ms="5697" started-at="2019-01-10T14:47:19Z" finished-at="2019-01-10T14:47:25Z">
          <reporter-output>
          </reporter-output>
        </test-method> <!-- wholesaler_button_test -->
        <test-method status="PASS" signature="quitedriver()[pri:0, instance:phonezoneproject.WholesalerTest@a10858]" name="quitedriver" is-config="true" duration-ms="1618" started-at="2019-01-10T14:47:25Z" finished-at="2019-01-10T14:47:26Z">
          <reporter-output>
          </reporter-output>
        </test-method> <!-- quitedriver -->
      </class> <!-- phonezoneproject.WholesalerTest -->
    </test> <!-- Test -->
  </suite> <!-- Suite -->
</testng-results>
