<?xml version="1.0" encoding="UTF-8"?>
<testng-results skipped="0" failed="0" ignored="0" total="3" passed="3">
  <reporter-output>
  </reporter-output>
  <suite name="Suite" duration-ms="55917" started-at="2019-01-10T19:33:23Z" finished-at="2019-01-10T19:34:19Z">
    <groups>
    </groups>
    <test name="Test" duration-ms="55917" started-at="2019-01-10T19:33:23Z" finished-at="2019-01-10T19:34:19Z">
      <class name="phonezoneproject.StaffTest">
        <test-method status="PASS" signature="opendriver()[pri:0, instance:phonezoneproject.StaffTest@e24743]" name="opendriver" is-config="true" duration-ms="9872" started-at="2019-01-10T19:33:42Z" finished-at="2019-01-10T19:33:52Z">
          <reporter-output>
          </reporter-output>
        </test-method> <!-- opendriver -->
        <test-method status="PASS" signature="staff_button_test()[pri:0, instance:phonezoneproject.StaffTest@e24743]" name="staff_button_test" duration-ms="5581" started-at="2019-01-10T19:33:52Z" finished-at="2019-01-10T19:33:57Z">
          <reporter-output>
          </reporter-output>
        </test-method> <!-- staff_button_test -->
        <test-method status="PASS" signature="quitedriver()[pri:0, instance:phonezoneproject.StaffTest@e24743]" name="quitedriver" is-config="true" duration-ms="1507" started-at="2019-01-10T19:33:57Z" finished-at="2019-01-10T19:33:59Z">
          <reporter-output>
          </reporter-output>
        </test-method> <!-- quitedriver -->
      </class> <!-- phonezoneproject.StaffTest -->
      <class name="phonezoneproject.AdminTest">
        <test-method status="PASS" signature="opendriver()[pri:0, instance:phonezoneproject.AdminTest@b0ed20]" name="opendriver" is-config="true" duration-ms="14003" started-at="2019-01-10T19:33:23Z" finished-at="2019-01-10T19:33:37Z">
          <reporter-output>
          </reporter-output>
        </test-method> <!-- opendriver -->
        <test-method status="PASS" signature="admin_button_test()[pri:0, instance:phonezoneproject.AdminTest@b0ed20]" name="admin_button_test" duration-ms="3669" started-at="2019-01-10T19:33:37Z" finished-at="2019-01-10T19:33:40Z">
          <reporter-output>
          </reporter-output>
        </test-method> <!-- admin_button_test -->
        <test-method status="PASS" signature="quitedriver()[pri:0, instance:phonezoneproject.AdminTest@b0ed20]" name="quitedriver" is-config="true" duration-ms="1569" started-at="2019-01-10T19:33:40Z" finished-at="2019-01-10T19:33:42Z">
          <reporter-output>
          </reporter-output>
        </test-method> <!-- quitedriver -->
      </class> <!-- phonezoneproject.AdminTest -->
      <class name="phonezoneproject.WholesalerTest">
        <test-method status="PASS" signature="opendriver()[pri:0, instance:phonezoneproject.WholesalerTest@a10858]" name="opendriver" is-config="true" duration-ms="10279" started-at="2019-01-10T19:33:59Z" finished-at="2019-01-10T19:34:09Z">
          <reporter-output>
          </reporter-output>
        </test-method> <!-- opendriver -->
        <test-method status="PASS" signature="wholesaler_button_test()[pri:0, instance:phonezoneproject.WholesalerTest@a10858]" name="wholesaler_button_test" duration-ms="7859" started-at="2019-01-10T19:34:09Z" finished-at="2019-01-10T19:34:17Z">
          <reporter-output>
          </reporter-output>
        </test-method> <!-- wholesaler_button_test -->
        <test-method status="PASS" signature="quitedriver()[pri:0, instance:phonezoneproject.WholesalerTest@a10858]" name="quitedriver" is-config="true" duration-ms="1548" started-at="2019-01-10T19:34:17Z" finished-at="2019-01-10T19:34:19Z">
          <reporter-output>
          </reporter-output>
        </test-method> <!-- quitedriver -->
      </class> <!-- phonezoneproject.WholesalerTest -->
    </test> <!-- Test -->
  </suite> <!-- Suite -->
</testng-results>
