<?xml version="1.0" encoding="UTF-8"?>
<!-- Generated by org.testng.reporters.JUnitXMLReporter -->
<testsuite hostname="Deepak-PC" ignored="0" name="Test" tests="3" failures="0" timestamp="10 Jan 2019 19:34:19 GMT" time="55.917" errors="0">
  <testcase name="admin_button_test" time="3.669" classname="phonezoneproject.AdminTest"/>
  <testcase name="staff_button_test" time="5.581" classname="phonezoneproject.StaffTest"/>
  <testcase name="wholesaler_button_test" time="7.859" classname="phonezoneproject.WholesalerTest"/>
</testsuite> <!-- Test -->
