<?xml version="1.0" encoding="UTF-8"?>
<!-- Generated by org.testng.reporters.JUnitXMLReporter -->
<testsuite hostname="Deepak-PC" ignored="0" name="Test" tests="3" failures="0" timestamp="10 Jan 2019 14:47:26 GMT" time="44.282" errors="0">
  <testcase name="admin_button_test" time="5.826" classname="phonezoneproject.AdminTest"/>
  <testcase name="staff_button_test" time="5.733" classname="phonezoneproject.StaffTest"/>
  <testcase name="wholesaler_button_test" time="5.697" classname="phonezoneproject.WholesalerTest"/>
</testsuite> <!-- Test -->
